<?xml version="1.0" encoding="UTF-8"?>
<!-- Generated by org.testng.reporters.JUnitReportReporter -->
<testsuite hostname="DESKTOP-SIU1DMC" name="testng.NewTest" tests="1" failures="0" timestamp="10 Oct 2022 11:29:45 GMT" time="17.224" errors="0">
  <testcase name="f" time="17.224" classname="testng.NewTest"/>
</testsuite> <!-- testng.NewTest -->
